[INFO] [17:46:17] 源文件关键字长度：5 个
[INFO] [17:46:17] 有效关键字长度：4 个
[INFO] [17:46:17] 开始执行：1563443177293
[INFO] [17:46:17] 当前关键字：【 电脑主机 】
[INFO] [17:46:17] 休眠 10 秒
[INFO] [17:46:27] 进行第 1 页采集，链接：https://s.taobao.com/search?q=%E7%94%B5%E8%84%91%E4%B8%BB%E6%9C%BA&imgfile=&js=1&stats_click=search_radio_all%3A1&initiative_id=staobaoz_20190715&ie=utf8&sort=sale-desc 
[INFO] [17:46:28] 当前页面商品总数：44
[INFO] [17:46:28] 总页数： 100
[INFO] [17:46:28] 剩余采集商品总数：155461
[INFO] [17:46:28] 当前关键字：【 电脑主机 】
[INFO] [17:46:28] 休眠 10 秒
[INFO] [17:46:38] 进行第 2 页采集，链接：https://s.taobao.com/search?q=%E7%94%B5%E8%84%91%E4%B8%BB%E6%9C%BA&imgfile=&js=1&stats_click=search_radio_all%3A1&initiative_id=staobaoz_20190715&ie=utf8&sort=sale-desc&s=88 
[INFO] [17:46:38] 当前页面商品总数：44
[INFO] [17:46:38] 总页数： 100
[INFO] [17:46:38] 剩余采集商品总数：155461
[INFO] [17:46:38] 当前关键字：【 电脑主机 】
[INFO] [17:46:38] 休眠 7 秒
[INFO] [17:46:45] 进行第 3 页采集，链接：https://s.taobao.com/search?q=%E7%94%B5%E8%84%91%E4%B8%BB%E6%9C%BA&imgfile=&js=1&stats_click=search_radio_all%3A1&initiative_id=staobaoz_20190715&ie=utf8&sort=sale-desc&s=132 
[INFO] [17:46:46] 当前页面商品总数：44
[INFO] [17:46:46] 总页数： 100
[INFO] [17:46:46] 剩余采集商品总数：155461
[INFO] [17:46:46] 当前关键字：【 电脑主机 】
[INFO] [17:46:46] 休眠 5 秒
[INFO] [17:46:51] 进行第 4 页采集，链接：https://s.taobao.com/search?q=%E7%94%B5%E8%84%91%E4%B8%BB%E6%9C%BA&imgfile=&js=1&stats_click=search_radio_all%3A1&initiative_id=staobaoz_20190715&ie=utf8&sort=sale-desc&s=176 
[INFO] [17:46:51] 当前页面商品总数：44
[INFO] [17:46:51] 总页数： 100
[INFO] [17:46:51] 剩余采集商品总数：155461
[INFO] [17:46:51] 当前关键字：【 电脑主机 】
[INFO] [17:46:51] 休眠 6 秒
[INFO] [17:46:57] 进行第 5 页采集，链接：https://s.taobao.com/search?q=%E7%94%B5%E8%84%91%E4%B8%BB%E6%9C%BA&imgfile=&js=1&stats_click=search_radio_all%3A1&initiative_id=staobaoz_20190715&ie=utf8&sort=sale-desc&s=220 
[INFO] [17:46:58] 当前页面商品总数：44
[INFO] [17:46:58] 总页数： 100
[INFO] [17:46:58] 剩余采集商品总数：155461
[INFO] [17:46:58] 当前关键字：【 电脑主机 】
[INFO] [17:46:58] 休眠 10 秒
[INFO] [17:47:08] 进行第 6 页采集，链接：https://s.taobao.com/search?q=%E7%94%B5%E8%84%91%E4%B8%BB%E6%9C%BA&imgfile=&js=1&stats_click=search_radio_all%3A1&initiative_id=staobaoz_20190715&ie=utf8&sort=sale-desc&s=264 
[INFO] [17:47:09] 当前页面商品总数：44
[INFO] [17:47:09] 总页数： 100
[INFO] [17:47:09] 剩余采集商品总数：155461
[INFO] [17:47:09] 当前关键字：【 电脑主机 】
[INFO] [17:47:09] 休眠 7 秒
